{"/Users/belt/LEARN/memory-game/src/js/main.js": {"path":"/Users/belt/LEARN/memory-game/src/js/main.js","statementMap":{"0":{"start":{"line":10,"column":0},"end":{"line":13,"column":1}},"1":{"start":{"line":11,"column":2},"end":{"line":11,"column":8}},"2":{"start":{"line":12,"column":2},"end":{"line":12,"column":19}},"3":{"start":{"line":15,"column":13},"end":{"line":29,"column":1}},"4":{"start":{"line":16,"column":16},"end":{"line":16,"column":27}},"5":{"start":{"line":17,"column":2},"end":{"line":28,"column":6}},"6":{"start":{"line":18,"column":16},"end":{"line":18,"column":39}},"7":{"start":{"line":19,"column":16},"end":{"line":19,"column":36}},"8":{"start":{"line":22,"column":19},"end":{"line":27,"column":8}}},"fnMap":{"0":{"name":"(anonymous_0)","decl":{"start":{"line":10,"column":16},"end":{"line":10,"column":17}},"loc":{"start":{"line":10,"column":22},"end":{"line":13,"column":1}},"line":10},"1":{"name":"(anonymous_1)","decl":{"start":{"line":15,"column":13},"end":{"line":15,"column":14}},"loc":{"start":{"line":15,"column":19},"end":{"line":29,"column":1}},"line":15},"2":{"name":"(anonymous_2)","decl":{"start":{"line":18,"column":10},"end":{"line":18,"column":11}},"loc":{"start":{"line":18,"column":16},"end":{"line":18,"column":39}},"line":18},"3":{"name":"(anonymous_3)","decl":{"start":{"line":19,"column":10},"end":{"line":19,"column":11}},"loc":{"start":{"line":19,"column":16},"end":{"line":19,"column":36}},"line":19},"4":{"name":"(anonymous_4)","decl":{"start":{"line":20,"column":10},"end":{"line":20,"column":11}},"loc":{"start":{"line":20,"column":20},"end":{"line":28,"column":5}},"line":20}},"branchMap":{},"s":{"0":4,"1":0,"2":0,"3":4,"4":2,"5":2,"6":0,"7":0,"8":0},"f":{"0":0,"1":2,"2":0,"3":0,"4":0},"b":{},"_coverageSchema":"1a1c01bbd47fc00a2c39e90264f33305004495a9","hash":"26e05d06bb52487a0b80b8f7ac915687e6b5e11f"}
,"/Users/belt/LEARN/memory-game/src/js/classes/Board.js": {"path":"/Users/belt/LEARN/memory-game/src/js/classes/Board.js","statementMap":{"0":{"start":{"line":8,"column":4},"end":{"line":8,"column":20}},"1":{"start":{"line":9,"column":4},"end":{"line":9,"column":34}},"2":{"start":{"line":10,"column":4},"end":{"line":16,"column":5}},"3":{"start":{"line":17,"column":4},"end":{"line":17,"column":66}},"4":{"start":{"line":18,"column":4},"end":{"line":18,"column":68}},"5":{"start":{"line":19,"column":4},"end":{"line":19,"column":70}},"6":{"start":{"line":20,"column":4},"end":{"line":20,"column":31}},"7":{"start":{"line":21,"column":4},"end":{"line":21,"column":35}},"8":{"start":{"line":22,"column":4},"end":{"line":22,"column":37}},"9":{"start":{"line":23,"column":4},"end":{"line":23,"column":21}},"10":{"start":{"line":24,"column":4},"end":{"line":24,"column":20}},"11":{"start":{"line":25,"column":4},"end":{"line":25,"column":28}},"12":{"start":{"line":26,"column":4},"end":{"line":26,"column":32}},"13":{"start":{"line":27,"column":4},"end":{"line":27,"column":24}},"14":{"start":{"line":28,"column":4},"end":{"line":28,"column":25}},"15":{"start":{"line":32,"column":14},"end":{"line":32,"column":56}},"16":{"start":{"line":33,"column":14},"end":{"line":33,"column":35}},"17":{"start":{"line":34,"column":4},"end":{"line":34,"column":33}},"18":{"start":{"line":38,"column":4},"end":{"line":38,"column":32}},"19":{"start":{"line":38,"column":26},"end":{"line":38,"column":32}},"20":{"start":{"line":39,"column":4},"end":{"line":39,"column":34}},"21":{"start":{"line":43,"column":4},"end":{"line":48,"column":6}},"22":{"start":{"line":44,"column":6},"end":{"line":44,"column":34}},"23":{"start":{"line":44,"column":28},"end":{"line":44,"column":34}},"24":{"start":{"line":45,"column":26},"end":{"line":45,"column":51}},"25":{"start":{"line":46,"column":6},"end":{"line":46,"column":61}},"26":{"start":{"line":47,"column":6},"end":{"line":47,"column":72}},"27":{"start":{"line":52,"column":4},"end":{"line":52,"column":39}},"28":{"start":{"line":52,"column":33},"end":{"line":52,"column":39}},"29":{"start":{"line":53,"column":4},"end":{"line":53,"column":56}},"30":{"start":{"line":54,"column":4},"end":{"line":54,"column":40}},"31":{"start":{"line":55,"column":4},"end":{"line":55,"column":58}},"32":{"start":{"line":56,"column":4},"end":{"line":56,"column":60}},"33":{"start":{"line":60,"column":4},"end":{"line":60,"column":39}},"34":{"start":{"line":60,"column":33},"end":{"line":60,"column":39}},"35":{"start":{"line":61,"column":4},"end":{"line":61,"column":60}},"36":{"start":{"line":62,"column":4},"end":{"line":62,"column":48}},"37":{"start":{"line":63,"column":4},"end":{"line":63,"column":66}},"38":{"start":{"line":64,"column":4},"end":{"line":64,"column":64}},"39":{"start":{"line":68,"column":4},"end":{"line":68,"column":39}},"40":{"start":{"line":68,"column":33},"end":{"line":68,"column":39}},"41":{"start":{"line":69,"column":4},"end":{"line":69,"column":52}},"42":{"start":{"line":70,"column":4},"end":{"line":70,"column":32}},"43":{"start":{"line":71,"column":4},"end":{"line":71,"column":50}},"44":{"start":{"line":72,"column":4},"end":{"line":72,"column":56}},"45":{"start":{"line":76,"column":4},"end":{"line":76,"column":40}},"46":{"start":{"line":76,"column":34},"end":{"line":76,"column":40}},"47":{"start":{"line":77,"column":4},"end":{"line":77,"column":53}},"48":{"start":{"line":78,"column":4},"end":{"line":78,"column":34}},"49":{"start":{"line":79,"column":4},"end":{"line":79,"column":97}},"50":{"start":{"line":80,"column":4},"end":{"line":80,"column":69}},"51":{"start":{"line":81,"column":4},"end":{"line":81,"column":58}},"52":{"start":{"line":85,"column":4},"end":{"line":85,"column":37}},"53":{"start":{"line":85,"column":31},"end":{"line":85,"column":37}},"54":{"start":{"line":86,"column":4},"end":{"line":86,"column":45}},"55":{"start":{"line":90,"column":4},"end":{"line":90,"column":41}},"56":{"start":{"line":90,"column":35},"end":{"line":90,"column":41}},"57":{"start":{"line":91,"column":4},"end":{"line":91,"column":53}},"58":{"start":{"line":95,"column":4},"end":{"line":95,"column":33}},"59":{"start":{"line":95,"column":27},"end":{"line":95,"column":33}},"60":{"start":{"line":96,"column":4},"end":{"line":96,"column":37}},"61":{"start":{"line":100,"column":4},"end":{"line":100,"column":56}},"62":{"start":{"line":104,"column":4},"end":{"line":104,"column":101}},"63":{"start":{"line":104,"column":21},"end":{"line":104,"column":76}},"64":{"start":{"line":108,"column":4},"end":{"line":108,"column":65}},"65":{"start":{"line":109,"column":4},"end":{"line":109,"column":88}},"66":{"start":{"line":109,"column":21},"end":{"line":109,"column":81}},"67":{"start":{"line":113,"column":4},"end":{"line":113,"column":34}},"68":{"start":{"line":114,"column":4},"end":{"line":114,"column":47}},"69":{"start":{"line":115,"column":4},"end":{"line":115,"column":57}},"70":{"start":{"line":116,"column":4},"end":{"line":116,"column":65}},"71":{"start":{"line":117,"column":4},"end":{"line":117,"column":49}},"72":{"start":{"line":118,"column":4},"end":{"line":118,"column":51}}},"fnMap":{"0":{"name":"(anonymous_0)","decl":{"start":{"line":7,"column":2},"end":{"line":7,"column":3}},"loc":{"start":{"line":7,"column":21},"end":{"line":29,"column":3}},"line":7},"1":{"name":"(anonymous_1)","decl":{"start":{"line":31,"column":2},"end":{"line":31,"column":3}},"loc":{"start":{"line":31,"column":19},"end":{"line":35,"column":3}},"line":31},"2":{"name":"(anonymous_2)","decl":{"start":{"line":37,"column":2},"end":{"line":37,"column":3}},"loc":{"start":{"line":37,"column":16},"end":{"line":40,"column":3}},"line":37},"3":{"name":"(anonymous_3)","decl":{"start":{"line":42,"column":2},"end":{"line":42,"column":3}},"loc":{"start":{"line":42,"column":15},"end":{"line":49,"column":3}},"line":42},"4":{"name":"(anonymous_4)","decl":{"start":{"line":43,"column":23},"end":{"line":43,"column":24}},"loc":{"start":{"line":43,"column":31},"end":{"line":48,"column":5}},"line":43},"5":{"name":"(anonymous_5)","decl":{"start":{"line":51,"column":2},"end":{"line":51,"column":3}},"loc":{"start":{"line":51,"column":23},"end":{"line":57,"column":3}},"line":51},"6":{"name":"(anonymous_6)","decl":{"start":{"line":59,"column":2},"end":{"line":59,"column":3}},"loc":{"start":{"line":59,"column":27},"end":{"line":65,"column":3}},"line":59},"7":{"name":"(anonymous_7)","decl":{"start":{"line":67,"column":2},"end":{"line":67,"column":3}},"loc":{"start":{"line":67,"column":19},"end":{"line":73,"column":3}},"line":67},"8":{"name":"(anonymous_8)","decl":{"start":{"line":75,"column":2},"end":{"line":75,"column":3}},"loc":{"start":{"line":75,"column":20},"end":{"line":82,"column":3}},"line":75},"9":{"name":"(anonymous_9)","decl":{"start":{"line":84,"column":2},"end":{"line":84,"column":3}},"loc":{"start":{"line":84,"column":25},"end":{"line":87,"column":3}},"line":84},"10":{"name":"(anonymous_10)","decl":{"start":{"line":89,"column":2},"end":{"line":89,"column":3}},"loc":{"start":{"line":89,"column":33},"end":{"line":92,"column":3}},"line":89},"11":{"name":"(anonymous_11)","decl":{"start":{"line":94,"column":2},"end":{"line":94,"column":3}},"loc":{"start":{"line":94,"column":17},"end":{"line":97,"column":3}},"line":94},"12":{"name":"(anonymous_12)","decl":{"start":{"line":99,"column":2},"end":{"line":99,"column":3}},"loc":{"start":{"line":99,"column":15},"end":{"line":101,"column":3}},"line":99},"13":{"name":"(anonymous_13)","decl":{"start":{"line":103,"column":2},"end":{"line":103,"column":3}},"loc":{"start":{"line":103,"column":17},"end":{"line":105,"column":3}},"line":103},"14":{"name":"(anonymous_14)","decl":{"start":{"line":104,"column":15},"end":{"line":104,"column":16}},"loc":{"start":{"line":104,"column":21},"end":{"line":104,"column":76}},"line":104},"15":{"name":"(anonymous_15)","decl":{"start":{"line":107,"column":2},"end":{"line":107,"column":3}},"loc":{"start":{"line":107,"column":19},"end":{"line":110,"column":3}},"line":107},"16":{"name":"(anonymous_16)","decl":{"start":{"line":109,"column":15},"end":{"line":109,"column":16}},"loc":{"start":{"line":109,"column":21},"end":{"line":109,"column":81}},"line":109},"17":{"name":"(anonymous_17)","decl":{"start":{"line":112,"column":2},"end":{"line":112,"column":3}},"loc":{"start":{"line":112,"column":16},"end":{"line":119,"column":3}},"line":112}},"branchMap":{"0":{"loc":{"start":{"line":38,"column":4},"end":{"line":38,"column":32}},"type":"if","locations":[{"start":{"line":38,"column":4},"end":{"line":38,"column":32}},{"start":{"line":38,"column":4},"end":{"line":38,"column":32}}],"line":38},"1":{"loc":{"start":{"line":44,"column":6},"end":{"line":44,"column":34}},"type":"if","locations":[{"start":{"line":44,"column":6},"end":{"line":44,"column":34}},{"start":{"line":44,"column":6},"end":{"line":44,"column":34}}],"line":44},"2":{"loc":{"start":{"line":52,"column":4},"end":{"line":52,"column":39}},"type":"if","locations":[{"start":{"line":52,"column":4},"end":{"line":52,"column":39}},{"start":{"line":52,"column":4},"end":{"line":52,"column":39}}],"line":52},"3":{"loc":{"start":{"line":60,"column":4},"end":{"line":60,"column":39}},"type":"if","locations":[{"start":{"line":60,"column":4},"end":{"line":60,"column":39}},{"start":{"line":60,"column":4},"end":{"line":60,"column":39}}],"line":60},"4":{"loc":{"start":{"line":68,"column":4},"end":{"line":68,"column":39}},"type":"if","locations":[{"start":{"line":68,"column":4},"end":{"line":68,"column":39}},{"start":{"line":68,"column":4},"end":{"line":68,"column":39}}],"line":68},"5":{"loc":{"start":{"line":76,"column":4},"end":{"line":76,"column":40}},"type":"if","locations":[{"start":{"line":76,"column":4},"end":{"line":76,"column":40}},{"start":{"line":76,"column":4},"end":{"line":76,"column":40}}],"line":76},"6":{"loc":{"start":{"line":85,"column":4},"end":{"line":85,"column":37}},"type":"if","locations":[{"start":{"line":85,"column":4},"end":{"line":85,"column":37}},{"start":{"line":85,"column":4},"end":{"line":85,"column":37}}],"line":85},"7":{"loc":{"start":{"line":90,"column":4},"end":{"line":90,"column":41}},"type":"if","locations":[{"start":{"line":90,"column":4},"end":{"line":90,"column":41}},{"start":{"line":90,"column":4},"end":{"line":90,"column":41}}],"line":90},"8":{"loc":{"start":{"line":95,"column":4},"end":{"line":95,"column":33}},"type":"if","locations":[{"start":{"line":95,"column":4},"end":{"line":95,"column":33}},{"start":{"line":95,"column":4},"end":{"line":95,"column":33}}],"line":95},"9":{"loc":{"start":{"line":115,"column":4},"end":{"line":115,"column":57}},"type":"binary-expr","locations":[{"start":{"line":115,"column":4},"end":{"line":115,"column":24}},{"start":{"line":115,"column":28},"end":{"line":115,"column":57}}],"line":115},"10":{"loc":{"start":{"line":116,"column":4},"end":{"line":116,"column":65}},"type":"binary-expr","locations":[{"start":{"line":116,"column":4},"end":{"line":116,"column":28}},{"start":{"line":116,"column":32},"end":{"line":116,"column":65}}],"line":116},"11":{"loc":{"start":{"line":117,"column":4},"end":{"line":117,"column":49}},"type":"binary-expr","locations":[{"start":{"line":117,"column":4},"end":{"line":117,"column":20}},{"start":{"line":117,"column":24},"end":{"line":117,"column":49}}],"line":117},"12":{"loc":{"start":{"line":118,"column":4},"end":{"line":118,"column":51}},"type":"binary-expr","locations":[{"start":{"line":118,"column":4},"end":{"line":118,"column":21}},{"start":{"line":118,"column":25},"end":{"line":118,"column":51}}],"line":118}},"s":{"0":67,"1":67,"2":67,"3":67,"4":67,"5":67,"6":67,"7":67,"8":67,"9":67,"10":67,"11":67,"12":67,"13":67,"14":67,"15":68,"16":68,"17":68,"18":68,"19":15,"20":53,"21":67,"22":1608,"23":360,"24":1248,"25":1248,"26":1248,"27":67,"28":15,"29":52,"30":52,"31":52,"32":52,"33":67,"34":15,"35":52,"36":52,"37":52,"38":52,"39":67,"40":15,"41":52,"42":52,"43":52,"44":52,"45":67,"46":67,"47":0,"48":0,"49":0,"50":0,"51":0,"52":44,"53":13,"54":31,"55":42,"56":13,"57":29,"58":39,"59":13,"60":26,"61":7,"62":6,"63":0,"64":1,"65":1,"66":0,"67":2,"68":2,"69":2,"70":2,"71":2,"72":2},"f":{"0":67,"1":68,"2":68,"3":67,"4":1608,"5":67,"6":67,"7":67,"8":67,"9":44,"10":42,"11":39,"12":7,"13":6,"14":0,"15":1,"16":0,"17":2},"b":{"0":[15,53],"1":[360,1248],"2":[15,52],"3":[15,52],"4":[15,52],"5":[67,0],"6":[13,31],"7":[13,29],"8":[13,26],"9":[2,2],"10":[2,2],"11":[2,2],"12":[2,0]},"_coverageSchema":"1a1c01bbd47fc00a2c39e90264f33305004495a9","hash":"5254f4315f79938c4dedb23c5c0ad1c5c72051a4"}
,"/Users/belt/LEARN/memory-game/src/js/classes/Card.js": {"path":"/Users/belt/LEARN/memory-game/src/js/classes/Card.js","statementMap":{"0":{"start":{"line":5,"column":4},"end":{"line":5,"column":20}},"1":{"start":{"line":6,"column":4},"end":{"line":6,"column":20}},"2":{"start":{"line":7,"column":4},"end":{"line":7,"column":26}},"3":{"start":{"line":8,"column":4},"end":{"line":8,"column":50}},"4":{"start":{"line":12,"column":4},"end":{"line":12,"column":55}},"5":{"start":{"line":13,"column":4},"end":{"line":13,"column":41}},"6":{"start":{"line":14,"column":4},"end":{"line":14,"column":52}},"7":{"start":{"line":16,"column":23},"end":{"line":16,"column":52}},"8":{"start":{"line":17,"column":4},"end":{"line":17,"column":42}},"9":{"start":{"line":19,"column":24},"end":{"line":19,"column":53}},"10":{"start":{"line":20,"column":4},"end":{"line":20,"column":44}},"11":{"start":{"line":21,"column":4},"end":{"line":21,"column":81}},"12":{"start":{"line":23,"column":24},"end":{"line":23,"column":51}},"13":{"start":{"line":24,"column":4},"end":{"line":24,"column":70}},"14":{"start":{"line":25,"column":4},"end":{"line":25,"column":40}},"15":{"start":{"line":27,"column":23},"end":{"line":27,"column":52}},"16":{"start":{"line":28,"column":4},"end":{"line":28,"column":42}},"17":{"start":{"line":30,"column":27},"end":{"line":30,"column":57}},"18":{"start":{"line":31,"column":4},"end":{"line":31,"column":46}},"19":{"start":{"line":32,"column":4},"end":{"line":32,"column":35}},"20":{"start":{"line":33,"column":4},"end":{"line":33,"column":42}},"21":{"start":{"line":35,"column":4},"end":{"line":35,"column":39}},"22":{"start":{"line":36,"column":4},"end":{"line":36,"column":38}},"23":{"start":{"line":38,"column":4},"end":{"line":38,"column":43}},"24":{"start":{"line":39,"column":4},"end":{"line":39,"column":22}},"25":{"start":{"line":40,"column":4},"end":{"line":40,"column":26}},"26":{"start":{"line":44,"column":4},"end":{"line":44,"column":114}},"27":{"start":{"line":44,"column":55},"end":{"line":44,"column":106}}},"fnMap":{"0":{"name":"(anonymous_0)","decl":{"start":{"line":4,"column":2},"end":{"line":4,"column":3}},"loc":{"start":{"line":4,"column":27},"end":{"line":9,"column":3}},"line":4},"1":{"name":"(anonymous_1)","decl":{"start":{"line":11,"column":2},"end":{"line":11,"column":3}},"loc":{"start":{"line":11,"column":18},"end":{"line":41,"column":3}},"line":11},"2":{"name":"(anonymous_2)","decl":{"start":{"line":43,"column":2},"end":{"line":43,"column":3}},"loc":{"start":{"line":43,"column":17},"end":{"line":45,"column":3}},"line":43},"3":{"name":"(anonymous_3)","decl":{"start":{"line":44,"column":46},"end":{"line":44,"column":47}},"loc":{"start":{"line":44,"column":55},"end":{"line":44,"column":106}},"line":44}},"branchMap":{},"s":{"0":1258,"1":1258,"2":1258,"3":1258,"4":1259,"5":1259,"6":1259,"7":1259,"8":1259,"9":1259,"10":1259,"11":1259,"12":1259,"13":1259,"14":1259,"15":1259,"16":1259,"17":1259,"18":1259,"19":1259,"20":1259,"21":1259,"22":1259,"23":1259,"24":1259,"25":1259,"26":1260,"27":1},"f":{"0":1258,"1":1259,"2":1260,"3":1},"b":{},"_coverageSchema":"1a1c01bbd47fc00a2c39e90264f33305004495a9","hash":"f16c756646f991bdc2c37affb4170a70e7d4be62"}
,"/Users/belt/LEARN/memory-game/src/js/classes/Game.js": {"path":"/Users/belt/LEARN/memory-game/src/js/classes/Game.js","statementMap":{"0":{"start":{"line":10,"column":4},"end":{"line":10,"column":24}},"1":{"start":{"line":11,"column":4},"end":{"line":11,"column":32}},"2":{"start":{"line":12,"column":4},"end":{"line":12,"column":28}},"3":{"start":{"line":13,"column":4},"end":{"line":13,"column":25}},"4":{"start":{"line":14,"column":4},"end":{"line":14,"column":21}},"5":{"start":{"line":15,"column":4},"end":{"line":15,"column":25}},"6":{"start":{"line":16,"column":4},"end":{"line":16,"column":27}},"7":{"start":{"line":17,"column":4},"end":{"line":17,"column":17}},"8":{"start":{"line":18,"column":4},"end":{"line":18,"column":23}},"9":{"start":{"line":19,"column":4},"end":{"line":19,"column":30}},"10":{"start":{"line":20,"column":4},"end":{"line":20,"column":26}},"11":{"start":{"line":21,"column":4},"end":{"line":21,"column":41}},"12":{"start":{"line":22,"column":4},"end":{"line":22,"column":49}},"13":{"start":{"line":23,"column":4},"end":{"line":23,"column":33}},"14":{"start":{"line":27,"column":4},"end":{"line":30,"column":5}},"15":{"start":{"line":28,"column":6},"end":{"line":28,"column":24}},"16":{"start":{"line":29,"column":6},"end":{"line":29,"column":29}},"17":{"start":{"line":32,"column":17},"end":{"line":32,"column":46}},"18":{"start":{"line":33,"column":4},"end":{"line":33,"column":33}},"19":{"start":{"line":35,"column":4},"end":{"line":38,"column":6}},"20":{"start":{"line":40,"column":4},"end":{"line":58,"column":5}},"21":{"start":{"line":41,"column":6},"end":{"line":41,"column":28}},"22":{"start":{"line":42,"column":6},"end":{"line":42,"column":21}},"23":{"start":{"line":43,"column":6},"end":{"line":43,"column":43}},"24":{"start":{"line":45,"column":6},"end":{"line":55,"column":7}},"25":{"start":{"line":45,"column":38},"end":{"line":45,"column":56}},"26":{"start":{"line":46,"column":8},"end":{"line":46,"column":27}},"27":{"start":{"line":47,"column":8},"end":{"line":47,"column":53}},"28":{"start":{"line":48,"column":8},"end":{"line":48,"column":63}},"29":{"start":{"line":49,"column":8},"end":{"line":51,"column":9}},"30":{"start":{"line":50,"column":10},"end":{"line":50,"column":29}},"31":{"start":{"line":53,"column":8},"end":{"line":53,"column":63}},"32":{"start":{"line":54,"column":8},"end":{"line":54,"column":77}},"33":{"start":{"line":56,"column":6},"end":{"line":56,"column":21}},"34":{"start":{"line":57,"column":6},"end":{"line":57,"column":30}},"35":{"start":{"line":62,"column":4},"end":{"line":64,"column":6}},"36":{"start":{"line":63,"column":6},"end":{"line":63,"column":34}},"37":{"start":{"line":68,"column":4},"end":{"line":70,"column":6}},"38":{"start":{"line":69,"column":6},"end":{"line":69,"column":74}},"39":{"start":{"line":69,"column":23},"end":{"line":69,"column":54}},"40":{"start":{"line":74,"column":4},"end":{"line":74,"column":60}},"41":{"start":{"line":78,"column":4},"end":{"line":78,"column":25}},"42":{"start":{"line":82,"column":4},"end":{"line":82,"column":30}},"43":{"start":{"line":83,"column":4},"end":{"line":83,"column":22}},"44":{"start":{"line":84,"column":4},"end":{"line":84,"column":38}},"45":{"start":{"line":85,"column":4},"end":{"line":98,"column":8}},"46":{"start":{"line":87,"column":8},"end":{"line":95,"column":9}},"47":{"start":{"line":96,"column":32},"end":{"line":96,"column":81}},"48":{"start":{"line":97,"column":8},"end":{"line":97,"column":77}},"49":{"start":{"line":97,"column":56},"end":{"line":97,"column":76}},"50":{"start":{"line":99,"column":4},"end":{"line":99,"column":23}},"51":{"start":{"line":100,"column":4},"end":{"line":102,"column":12}},"52":{"start":{"line":101,"column":6},"end":{"line":101,"column":28}},"53":{"start":{"line":106,"column":4},"end":{"line":111,"column":12}},"54":{"start":{"line":107,"column":6},"end":{"line":110,"column":7}},"55":{"start":{"line":108,"column":8},"end":{"line":108,"column":37}},"56":{"start":{"line":109,"column":8},"end":{"line":109,"column":19}},"57":{"start":{"line":115,"column":4},"end":{"line":115,"column":81}},"58":{"start":{"line":119,"column":4},"end":{"line":126,"column":6}},"59":{"start":{"line":130,"column":4},"end":{"line":135,"column":6}},"60":{"start":{"line":131,"column":6},"end":{"line":134,"column":8}},"61":{"start":{"line":132,"column":21},"end":{"line":132,"column":71}},"62":{"start":{"line":132,"column":50},"end":{"line":132,"column":60}},"63":{"start":{"line":133,"column":8},"end":{"line":133,"column":57}},"64":{"start":{"line":139,"column":4},"end":{"line":139,"column":29}},"65":{"start":{"line":140,"column":4},"end":{"line":140,"column":27}},"66":{"start":{"line":141,"column":4},"end":{"line":141,"column":10}}},"fnMap":{"0":{"name":"(anonymous_0)","decl":{"start":{"line":9,"column":2},"end":{"line":9,"column":3}},"loc":{"start":{"line":9,"column":23},"end":{"line":24,"column":3}},"line":9},"1":{"name":"(anonymous_1)","decl":{"start":{"line":26,"column":2},"end":{"line":26,"column":3}},"loc":{"start":{"line":26,"column":36},"end":{"line":59,"column":3}},"line":26},"2":{"name":"(anonymous_2)","decl":{"start":{"line":45,"column":33},"end":{"line":45,"column":34}},"loc":{"start":{"line":45,"column":38},"end":{"line":45,"column":56}},"line":45},"3":{"name":"(anonymous_3)","decl":{"start":{"line":61,"column":2},"end":{"line":61,"column":3}},"loc":{"start":{"line":61,"column":24},"end":{"line":65,"column":3}},"line":61},"4":{"name":"(anonymous_4)","decl":{"start":{"line":62,"column":29},"end":{"line":62,"column":30}},"loc":{"start":{"line":62,"column":34},"end":{"line":64,"column":5}},"line":62},"5":{"name":"(anonymous_5)","decl":{"start":{"line":67,"column":2},"end":{"line":67,"column":3}},"loc":{"start":{"line":67,"column":27},"end":{"line":71,"column":3}},"line":67},"6":{"name":"(anonymous_6)","decl":{"start":{"line":68,"column":29},"end":{"line":68,"column":30}},"loc":{"start":{"line":68,"column":34},"end":{"line":70,"column":5}},"line":68},"7":{"name":"(anonymous_7)","decl":{"start":{"line":69,"column":17},"end":{"line":69,"column":18}},"loc":{"start":{"line":69,"column":23},"end":{"line":69,"column":54}},"line":69},"8":{"name":"(anonymous_8)","decl":{"start":{"line":73,"column":2},"end":{"line":73,"column":3}},"loc":{"start":{"line":73,"column":16},"end":{"line":75,"column":3}},"line":73},"9":{"name":"(anonymous_9)","decl":{"start":{"line":77,"column":2},"end":{"line":77,"column":3}},"loc":{"start":{"line":77,"column":14},"end":{"line":79,"column":3}},"line":77},"10":{"name":"(anonymous_10)","decl":{"start":{"line":81,"column":2},"end":{"line":81,"column":3}},"loc":{"start":{"line":81,"column":18},"end":{"line":103,"column":3}},"line":81},"11":{"name":"(anonymous_11)","decl":{"start":{"line":86,"column":12},"end":{"line":86,"column":13}},"loc":{"start":{"line":86,"column":20},"end":{"line":98,"column":7}},"line":86},"12":{"name":"(anonymous_12)","decl":{"start":{"line":97,"column":50},"end":{"line":97,"column":51}},"loc":{"start":{"line":97,"column":56},"end":{"line":97,"column":76}},"line":97},"13":{"name":"(anonymous_13)","decl":{"start":{"line":100,"column":15},"end":{"line":100,"column":16}},"loc":{"start":{"line":100,"column":21},"end":{"line":102,"column":5}},"line":100},"14":{"name":"(anonymous_14)","decl":{"start":{"line":105,"column":2},"end":{"line":105,"column":3}},"loc":{"start":{"line":105,"column":17},"end":{"line":112,"column":3}},"line":105},"15":{"name":"(anonymous_15)","decl":{"start":{"line":106,"column":38},"end":{"line":106,"column":39}},"loc":{"start":{"line":106,"column":44},"end":{"line":111,"column":5}},"line":106},"16":{"name":"(anonymous_16)","decl":{"start":{"line":114,"column":2},"end":{"line":114,"column":3}},"loc":{"start":{"line":114,"column":26},"end":{"line":116,"column":3}},"line":114},"17":{"name":"(anonymous_17)","decl":{"start":{"line":118,"column":2},"end":{"line":118,"column":3}},"loc":{"start":{"line":118,"column":18},"end":{"line":127,"column":3}},"line":118},"18":{"name":"(anonymous_18)","decl":{"start":{"line":129,"column":2},"end":{"line":129,"column":3}},"loc":{"start":{"line":129,"column":16},"end":{"line":136,"column":3}},"line":129},"19":{"name":"(anonymous_19)","decl":{"start":{"line":130,"column":23},"end":{"line":130,"column":24}},"loc":{"start":{"line":130,"column":34},"end":{"line":135,"column":5}},"line":130},"20":{"name":"(anonymous_20)","decl":{"start":{"line":131,"column":35},"end":{"line":131,"column":36}},"loc":{"start":{"line":131,"column":43},"end":{"line":134,"column":7}},"line":131},"21":{"name":"(anonymous_21)","decl":{"start":{"line":132,"column":42},"end":{"line":132,"column":43}},"loc":{"start":{"line":132,"column":50},"end":{"line":132,"column":60}},"line":132},"22":{"name":"(anonymous_22)","decl":{"start":{"line":138,"column":2},"end":{"line":138,"column":3}},"loc":{"start":{"line":138,"column":19},"end":{"line":142,"column":3}},"line":138}},"branchMap":{"0":{"loc":{"start":{"line":27,"column":4},"end":{"line":30,"column":5}},"type":"if","locations":[{"start":{"line":27,"column":4},"end":{"line":30,"column":5}},{"start":{"line":27,"column":4},"end":{"line":30,"column":5}}],"line":27},"1":{"loc":{"start":{"line":40,"column":4},"end":{"line":58,"column":5}},"type":"if","locations":[{"start":{"line":40,"column":4},"end":{"line":58,"column":5}},{"start":{"line":40,"column":4},"end":{"line":58,"column":5}}],"line":40},"2":{"loc":{"start":{"line":45,"column":6},"end":{"line":55,"column":7}},"type":"if","locations":[{"start":{"line":45,"column":6},"end":{"line":55,"column":7}},{"start":{"line":45,"column":6},"end":{"line":55,"column":7}}],"line":45},"3":{"loc":{"start":{"line":49,"column":8},"end":{"line":51,"column":9}},"type":"if","locations":[{"start":{"line":49,"column":8},"end":{"line":51,"column":9}},{"start":{"line":49,"column":8},"end":{"line":51,"column":9}}],"line":49},"4":{"loc":{"start":{"line":107,"column":6},"end":{"line":110,"column":7}},"type":"if","locations":[{"start":{"line":107,"column":6},"end":{"line":110,"column":7}},{"start":{"line":107,"column":6},"end":{"line":110,"column":7}}],"line":107}},"s":{"0":39,"1":39,"2":39,"3":39,"4":39,"5":39,"6":39,"7":39,"8":39,"9":39,"10":39,"11":39,"12":39,"13":39,"14":12,"15":7,"16":7,"17":12,"18":12,"19":12,"20":12,"21":5,"22":5,"23":5,"24":5,"25":8,"26":3,"27":3,"28":3,"29":3,"30":0,"31":2,"32":2,"33":5,"34":5,"35":7,"36":14,"37":3,"38":6,"39":0,"40":5,"41":6,"42":0,"43":0,"44":0,"45":0,"46":0,"47":0,"48":0,"49":0,"50":0,"51":0,"52":0,"53":7,"54":0,"55":0,"56":0,"57":0,"58":0,"59":1,"60":1,"61":0,"62":0,"63":0,"64":2,"65":2,"66":2},"f":{"0":39,"1":12,"2":8,"3":7,"4":14,"5":3,"6":6,"7":0,"8":5,"9":6,"10":0,"11":0,"12":0,"13":0,"14":7,"15":0,"16":0,"17":0,"18":1,"19":1,"20":0,"21":0,"22":2},"b":{"0":[7,5],"1":[5,7],"2":[3,2],"3":[0,3],"4":[0,0]},"_coverageSchema":"1a1c01bbd47fc00a2c39e90264f33305004495a9","hash":"731b64e9e0e735bb27eb66c12afe2d6854eec966"}
,"/Users/belt/LEARN/memory-game/src/js/classes/Modal.js": {"path":"/Users/belt/LEARN/memory-game/src/js/classes/Modal.js","statementMap":{"0":{"start":{"line":3,"column":4},"end":{"line":3,"column":48}},"1":{"start":{"line":4,"column":4},"end":{"line":4,"column":50}},"2":{"start":{"line":5,"column":4},"end":{"line":5,"column":47}},"3":{"start":{"line":6,"column":4},"end":{"line":6,"column":22}},"4":{"start":{"line":10,"column":17},"end":{"line":10,"column":47}},"5":{"start":{"line":12,"column":4},"end":{"line":12,"column":48}},"6":{"start":{"line":13,"column":4},"end":{"line":13,"column":47}},"7":{"start":{"line":15,"column":4},"end":{"line":15,"column":44}},"8":{"start":{"line":16,"column":4},"end":{"line":16,"column":34}},"9":{"start":{"line":20,"column":4},"end":{"line":20,"column":57}},"10":{"start":{"line":24,"column":4},"end":{"line":24,"column":60}},"11":{"start":{"line":28,"column":4},"end":{"line":28,"column":47}},"12":{"start":{"line":29,"column":4},"end":{"line":29,"column":46}},"13":{"start":{"line":30,"column":4},"end":{"line":30,"column":74}},"14":{"start":{"line":31,"column":4},"end":{"line":31,"column":43}},"15":{"start":{"line":35,"column":4},"end":{"line":35,"column":43}},"16":{"start":{"line":39,"column":4},"end":{"line":39,"column":38}},"17":{"start":{"line":43,"column":4},"end":{"line":43,"column":33}},"18":{"start":{"line":47,"column":4},"end":{"line":47,"column":20}},"19":{"start":{"line":48,"column":4},"end":{"line":48,"column":48}},"20":{"start":{"line":48,"column":21},"end":{"line":48,"column":42}}},"fnMap":{"0":{"name":"(anonymous_0)","decl":{"start":{"line":2,"column":2},"end":{"line":2,"column":3}},"loc":{"start":{"line":2,"column":17},"end":{"line":7,"column":3}},"line":2},"1":{"name":"(anonymous_1)","decl":{"start":{"line":9,"column":2},"end":{"line":9,"column":3}},"loc":{"start":{"line":9,"column":17},"end":{"line":17,"column":3}},"line":9},"2":{"name":"(anonymous_2)","decl":{"start":{"line":19,"column":2},"end":{"line":19,"column":3}},"loc":{"start":{"line":19,"column":15},"end":{"line":21,"column":3}},"line":19},"3":{"name":"(anonymous_3)","decl":{"start":{"line":23,"column":2},"end":{"line":23,"column":3}},"loc":{"start":{"line":23,"column":15},"end":{"line":25,"column":3}},"line":23},"4":{"name":"(anonymous_4)","decl":{"start":{"line":27,"column":2},"end":{"line":27,"column":3}},"loc":{"start":{"line":27,"column":16},"end":{"line":32,"column":3}},"line":27},"5":{"name":"(anonymous_5)","decl":{"start":{"line":34,"column":2},"end":{"line":34,"column":3}},"loc":{"start":{"line":34,"column":16},"end":{"line":36,"column":3}},"line":34},"6":{"name":"(anonymous_6)","decl":{"start":{"line":38,"column":2},"end":{"line":38,"column":3}},"loc":{"start":{"line":38,"column":23},"end":{"line":40,"column":3}},"line":38},"7":{"name":"(anonymous_7)","decl":{"start":{"line":42,"column":2},"end":{"line":42,"column":3}},"loc":{"start":{"line":42,"column":19},"end":{"line":44,"column":3}},"line":42},"8":{"name":"(anonymous_8)","decl":{"start":{"line":46,"column":2},"end":{"line":46,"column":3}},"loc":{"start":{"line":46,"column":18},"end":{"line":49,"column":3}},"line":46},"9":{"name":"(anonymous_9)","decl":{"start":{"line":48,"column":15},"end":{"line":48,"column":16}},"loc":{"start":{"line":48,"column":21},"end":{"line":48,"column":42}},"line":48}},"branchMap":{},"s":{"0":94,"1":94,"2":94,"3":94,"4":108,"5":108,"6":108,"7":108,"8":108,"9":24,"10":3,"11":4,"12":4,"13":4,"14":4,"15":1,"16":14,"17":2,"18":2,"19":2,"20":0},"f":{"0":94,"1":108,"2":24,"3":3,"4":4,"5":1,"6":14,"7":2,"8":2,"9":0},"b":{},"_coverageSchema":"1a1c01bbd47fc00a2c39e90264f33305004495a9","hash":"7431b88e523cb20e7c01d75cc71f9d964a0d11b0"}
,"/Users/belt/LEARN/memory-game/src/js/classes/Setup.js": {"path":"/Users/belt/LEARN/memory-game/src/js/classes/Setup.js","statementMap":{"0":{"start":{"line":8,"column":4},"end":{"line":8,"column":28}},"1":{"start":{"line":9,"column":4},"end":{"line":9,"column":26}},"2":{"start":{"line":10,"column":4},"end":{"line":10,"column":20}},"3":{"start":{"line":11,"column":4},"end":{"line":11,"column":28}},"4":{"start":{"line":12,"column":4},"end":{"line":12,"column":21}},"5":{"start":{"line":16,"column":4},"end":{"line":29,"column":6}},"6":{"start":{"line":17,"column":6},"end":{"line":17,"column":38}},"7":{"start":{"line":18,"column":21},"end":{"line":18,"column":78}},"8":{"start":{"line":19,"column":6},"end":{"line":28,"column":8}},"9":{"start":{"line":20,"column":22},"end":{"line":20,"column":77}},"10":{"start":{"line":21,"column":8},"end":{"line":27,"column":9}},"11":{"start":{"line":22,"column":10},"end":{"line":22,"column":77}},"12":{"start":{"line":23,"column":10},"end":{"line":23,"column":36}},"13":{"start":{"line":24,"column":10},"end":{"line":24,"column":28}},"14":{"start":{"line":26,"column":10},"end":{"line":26,"column":53}},"15":{"start":{"line":33,"column":4},"end":{"line":65,"column":6}},"16":{"start":{"line":34,"column":6},"end":{"line":34,"column":42}},"17":{"start":{"line":35,"column":22},"end":{"line":35,"column":86}},"18":{"start":{"line":36,"column":6},"end":{"line":64,"column":8}},"19":{"start":{"line":37,"column":8},"end":{"line":63,"column":10}},"20":{"start":{"line":38,"column":10},"end":{"line":62,"column":11}},"21":{"start":{"line":39,"column":12},"end":{"line":39,"column":35}},"22":{"start":{"line":40,"column":12},"end":{"line":58,"column":13}},"23":{"start":{"line":42,"column":16},"end":{"line":51,"column":20}},"24":{"start":{"line":44,"column":20},"end":{"line":48,"column":21}},"25":{"start":{"line":49,"column":20},"end":{"line":49,"column":43}},"26":{"start":{"line":50,"column":20},"end":{"line":50,"column":29}},"27":{"start":{"line":54,"column":16},"end":{"line":54,"column":41}},"28":{"start":{"line":55,"column":16},"end":{"line":55,"column":34}},"29":{"start":{"line":56,"column":16},"end":{"line":56,"column":42}},"30":{"start":{"line":60,"column":12},"end":{"line":60,"column":37}},"31":{"start":{"line":61,"column":12},"end":{"line":61,"column":21}},"32":{"start":{"line":69,"column":4},"end":{"line":79,"column":6}},"33":{"start":{"line":70,"column":6},"end":{"line":70,"column":113}},"34":{"start":{"line":71,"column":22},"end":{"line":71,"column":96}},"35":{"start":{"line":72,"column":6},"end":{"line":78,"column":8}},"36":{"start":{"line":73,"column":8},"end":{"line":77,"column":10}},"37":{"start":{"line":74,"column":10},"end":{"line":74,"column":51}},"38":{"start":{"line":75,"column":10},"end":{"line":75,"column":58}},"39":{"start":{"line":75,"column":27},"end":{"line":75,"column":52}},"40":{"start":{"line":76,"column":10},"end":{"line":76,"column":39}},"41":{"start":{"line":83,"column":4},"end":{"line":87,"column":5}}},"fnMap":{"0":{"name":"(anonymous_0)","decl":{"start":{"line":7,"column":2},"end":{"line":7,"column":3}},"loc":{"start":{"line":7,"column":17},"end":{"line":13,"column":3}},"line":7},"1":{"name":"(anonymous_1)","decl":{"start":{"line":15,"column":2},"end":{"line":15,"column":3}},"loc":{"start":{"line":15,"column":13},"end":{"line":30,"column":3}},"line":15},"2":{"name":"(anonymous_2)","decl":{"start":{"line":16,"column":23},"end":{"line":16,"column":24}},"loc":{"start":{"line":16,"column":34},"end":{"line":29,"column":5}},"line":16},"3":{"name":"(anonymous_3)","decl":{"start":{"line":19,"column":39},"end":{"line":19,"column":40}},"loc":{"start":{"line":19,"column":45},"end":{"line":28,"column":7}},"line":19},"4":{"name":"(anonymous_4)","decl":{"start":{"line":32,"column":2},"end":{"line":32,"column":3}},"loc":{"start":{"line":32,"column":21},"end":{"line":66,"column":3}},"line":32},"5":{"name":"(anonymous_5)","decl":{"start":{"line":33,"column":23},"end":{"line":33,"column":24}},"loc":{"start":{"line":33,"column":34},"end":{"line":65,"column":5}},"line":33},"6":{"name":"(anonymous_6)","decl":{"start":{"line":36,"column":34},"end":{"line":36,"column":35}},"loc":{"start":{"line":36,"column":44},"end":{"line":64,"column":7}},"line":36},"7":{"name":"(anonymous_7)","decl":{"start":{"line":37,"column":41},"end":{"line":37,"column":42}},"loc":{"start":{"line":37,"column":50},"end":{"line":63,"column":9}},"line":37},"8":{"name":"(anonymous_8)","decl":{"start":{"line":41,"column":14},"end":{"line":41,"column":15}},"loc":{"start":{"line":41,"column":26},"end":{"line":52,"column":15}},"line":41},"9":{"name":"(anonymous_9)","decl":{"start":{"line":43,"column":24},"end":{"line":43,"column":25}},"loc":{"start":{"line":43,"column":32},"end":{"line":51,"column":19}},"line":43},"10":{"name":"(anonymous_10)","decl":{"start":{"line":53,"column":14},"end":{"line":53,"column":15}},"loc":{"start":{"line":53,"column":23},"end":{"line":57,"column":15}},"line":53},"11":{"name":"(anonymous_11)","decl":{"start":{"line":68,"column":2},"end":{"line":68,"column":3}},"loc":{"start":{"line":68,"column":18},"end":{"line":80,"column":3}},"line":68},"12":{"name":"(anonymous_12)","decl":{"start":{"line":69,"column":23},"end":{"line":69,"column":24}},"loc":{"start":{"line":69,"column":34},"end":{"line":79,"column":5}},"line":69},"13":{"name":"(anonymous_13)","decl":{"start":{"line":72,"column":34},"end":{"line":72,"column":35}},"loc":{"start":{"line":72,"column":44},"end":{"line":78,"column":7}},"line":72},"14":{"name":"(anonymous_14)","decl":{"start":{"line":73,"column":41},"end":{"line":73,"column":42}},"loc":{"start":{"line":73,"column":50},"end":{"line":77,"column":9}},"line":73},"15":{"name":"(anonymous_15)","decl":{"start":{"line":75,"column":21},"end":{"line":75,"column":22}},"loc":{"start":{"line":75,"column":27},"end":{"line":75,"column":52}},"line":75},"16":{"name":"(anonymous_16)","decl":{"start":{"line":82,"column":2},"end":{"line":82,"column":3}},"loc":{"start":{"line":82,"column":19},"end":{"line":88,"column":3}},"line":82}},"branchMap":{"0":{"loc":{"start":{"line":21,"column":8},"end":{"line":27,"column":9}},"type":"if","locations":[{"start":{"line":21,"column":8},"end":{"line":27,"column":9}},{"start":{"line":21,"column":8},"end":{"line":27,"column":9}}],"line":21},"1":{"loc":{"start":{"line":38,"column":10},"end":{"line":62,"column":11}},"type":"if","locations":[{"start":{"line":38,"column":10},"end":{"line":62,"column":11}},{"start":{"line":38,"column":10},"end":{"line":62,"column":11}}],"line":38},"2":{"loc":{"start":{"line":70,"column":52},"end":{"line":70,"column":111}},"type":"binary-expr","locations":[{"start":{"line":70,"column":52},"end":{"line":70,"column":69}},{"start":{"line":70,"column":73},"end":{"line":70,"column":111}}],"line":70}},"s":{"0":22,"1":22,"2":22,"3":22,"4":22,"5":4,"6":4,"7":4,"8":4,"9":2,"10":2,"11":1,"12":1,"13":1,"14":1,"15":2,"16":2,"17":2,"18":2,"19":4,"20":2,"21":1,"22":1,"23":0,"24":0,"25":0,"26":0,"27":0,"28":0,"29":0,"30":1,"31":1,"32":6,"33":6,"34":6,"35":6,"36":30,"37":6,"38":6,"39":0,"40":6,"41":8},"f":{"0":22,"1":4,"2":4,"3":2,"4":2,"5":2,"6":4,"7":2,"8":0,"9":0,"10":0,"11":6,"12":6,"13":30,"14":6,"15":0,"16":8},"b":{"0":[1,1],"1":[1,1],"2":[6,0]},"_coverageSchema":"1a1c01bbd47fc00a2c39e90264f33305004495a9","hash":"6b4cd1e7b22b122202fe21778c18ee8da13e62bd"}
,"/Users/belt/LEARN/memory-game/src/js/utils/belt.js": {"path":"/Users/belt/LEARN/memory-game/src/js/utils/belt.js","statementMap":{"0":{"start":{"line":1,"column":13},"end":{"line":1,"column":388}}},"fnMap":{},"branchMap":{},"s":{"0":5},"f":{},"b":{},"_coverageSchema":"1a1c01bbd47fc00a2c39e90264f33305004495a9","hash":"59b448e258765a324556d94018bbb26a4d43d996"}
,"/Users/belt/LEARN/memory-game/src/js/utils/brands.js": {"path":"/Users/belt/LEARN/memory-game/src/js/utils/brands.js","statementMap":{"0":{"start":{"line":1,"column":15},"end":{"line":1,"column":5762}}},"fnMap":{},"branchMap":{},"s":{"0":5},"f":{},"b":{},"_coverageSchema":"1a1c01bbd47fc00a2c39e90264f33305004495a9","hash":"54500fad3af6ce3b9b406c74661721327de0e40b"}
,"/Users/belt/LEARN/memory-game/src/js/utils/browsers.js": {"path":"/Users/belt/LEARN/memory-game/src/js/utils/browsers.js","statementMap":{"0":{"start":{"line":1,"column":24},"end":{"line":7,"column":1}},"1":{"start":{"line":2,"column":18},"end":{"line":2,"column":20}},"2":{"start":{"line":3,"column":2},"end":{"line":5,"column":3}},"3":{"start":{"line":4,"column":4},"end":{"line":4,"column":27}},"4":{"start":{"line":6,"column":2},"end":{"line":6,"column":58}}},"fnMap":{"0":{"name":"(anonymous_0)","decl":{"start":{"line":1,"column":24},"end":{"line":1,"column":25}},"loc":{"start":{"line":1,"column":30},"end":{"line":7,"column":1}},"line":1}},"branchMap":{"0":{"loc":{"start":{"line":3,"column":2},"end":{"line":5,"column":3}},"type":"if","locations":[{"start":{"line":3,"column":2},"end":{"line":5,"column":3}},{"start":{"line":3,"column":2},"end":{"line":5,"column":3}}],"line":3}},"s":{"0":5,"1":2,"2":2,"3":1,"4":2},"f":{"0":2},"b":{"0":[1,1]},"_coverageSchema":"1a1c01bbd47fc00a2c39e90264f33305004495a9","hash":"3dd1c00c1803a72ec49e1f8ca08d7f96997654ee"}
,"/Users/belt/LEARN/memory-game/src/js/utils/database.js": {"path":"/Users/belt/LEARN/memory-game/src/js/utils/database.js","statementMap":{"0":{"start":{"line":4,"column":23},"end":{"line":12,"column":1}},"1":{"start":{"line":14,"column":0},"end":{"line":14,"column":38}},"2":{"start":{"line":15,"column":17},"end":{"line":15,"column":36}}},"fnMap":{},"branchMap":{},"s":{"0":4,"1":4,"2":4},"f":{},"b":{},"_coverageSchema":"1a1c01bbd47fc00a2c39e90264f33305004495a9","hash":"2dee4169a211343bca9266f60c6074725d4307e2"}
,"/Users/belt/LEARN/memory-game/src/js/utils/functions.js": {"path":"/Users/belt/LEARN/memory-game/src/js/utils/functions.js","statementMap":{"0":{"start":{"line":1,"column":19},"end":{"line":7,"column":1}},"1":{"start":{"line":2,"column":2},"end":{"line":4,"column":3}},"2":{"start":{"line":3,"column":4},"end":{"line":3,"column":13}},"3":{"start":{"line":5,"column":2},"end":{"line":5,"column":26}},"4":{"start":{"line":6,"column":2},"end":{"line":6,"column":55}},"5":{"start":{"line":9,"column":20},"end":{"line":14,"column":1}},"6":{"start":{"line":10,"column":2},"end":{"line":12,"column":3}},"7":{"start":{"line":11,"column":4},"end":{"line":11,"column":13}},"8":{"start":{"line":13,"column":2},"end":{"line":13,"column":33}}},"fnMap":{"0":{"name":"(anonymous_0)","decl":{"start":{"line":1,"column":19},"end":{"line":1,"column":20}},"loc":{"start":{"line":1,"column":30},"end":{"line":7,"column":1}},"line":1},"1":{"name":"(anonymous_1)","decl":{"start":{"line":9,"column":20},"end":{"line":9,"column":21}},"loc":{"start":{"line":9,"column":31},"end":{"line":14,"column":1}},"line":9}},"branchMap":{"0":{"loc":{"start":{"line":2,"column":2},"end":{"line":4,"column":3}},"type":"if","locations":[{"start":{"line":2,"column":2},"end":{"line":4,"column":3}},{"start":{"line":2,"column":2},"end":{"line":4,"column":3}}],"line":2},"1":{"loc":{"start":{"line":10,"column":2},"end":{"line":12,"column":3}},"type":"if","locations":[{"start":{"line":10,"column":2},"end":{"line":12,"column":3}},{"start":{"line":10,"column":2},"end":{"line":12,"column":3}}],"line":10}},"s":{"0":7,"1":1287,"2":18,"3":1269,"4":1269,"5":7,"6":1261,"7":1,"8":1260},"f":{"0":1287,"1":1261},"b":{"0":[18,1269],"1":[1,1260]},"_coverageSchema":"1a1c01bbd47fc00a2c39e90264f33305004495a9","hash":"841f227c8b4214c31b222a1142ae12dcb1631034"}
,"/Users/belt/LEARN/memory-game/src/js/utils/locationiq.js": {"path":"/Users/belt/LEARN/memory-game/src/js/utils/locationiq.js","statementMap":{"0":{"start":{"line":1,"column":14},"end":{"line":1,"column":30}},"1":{"start":{"line":2,"column":23},"end":{"line":4,"column":1}},"2":{"start":{"line":3,"column":2},"end":{"line":3,"column":93}}},"fnMap":{"0":{"name":"(anonymous_0)","decl":{"start":{"line":2,"column":23},"end":{"line":2,"column":24}},"loc":{"start":{"line":3,"column":2},"end":{"line":3,"column":93}},"line":3}},"branchMap":{},"s":{"0":6,"1":6,"2":2},"f":{"0":2},"b":{},"_coverageSchema":"1a1c01bbd47fc00a2c39e90264f33305004495a9","hash":"d3dfe412ff5adf646347155142803629a2d59557"}
,"/Users/belt/LEARN/memory-game/src/js/utils/modal-templates.js": {"path":"/Users/belt/LEARN/memory-game/src/js/utils/modal-templates.js","statementMap":{"0":{"start":{"line":3,"column":19},"end":{"line":32,"column":2}},"1":{"start":{"line":3,"column":31},"end":{"line":32,"column":1}},"2":{"start":{"line":34,"column":24},"end":{"line":68,"column":1}},"3":{"start":{"line":35,"column":17},"end":{"line":44,"column":3}},"4":{"start":{"line":46,"column":15},"end":{"line":58,"column":8}},"5":{"start":{"line":47,"column":4},"end":{"line":56,"column":5}},"6":{"start":{"line":57,"column":4},"end":{"line":57,"column":14}},"7":{"start":{"line":60,"column":2},"end":{"line":67,"column":3}},"8":{"start":{"line":70,"column":16},"end":{"line":91,"column":2}},"9":{"start":{"line":70,"column":23},"end":{"line":91,"column":1}},"10":{"start":{"line":93,"column":20},"end":{"line":116,"column":2}},"11":{"start":{"line":93,"column":27},"end":{"line":116,"column":1}},"12":{"start":{"line":118,"column":21},"end":{"line":138,"column":2}},"13":{"start":{"line":118,"column":38},"end":{"line":138,"column":1}}},"fnMap":{"0":{"name":"(anonymous_0)","decl":{"start":{"line":3,"column":19},"end":{"line":3,"column":20}},"loc":{"start":{"line":3,"column":31},"end":{"line":32,"column":1}},"line":3},"1":{"name":"(anonymous_1)","decl":{"start":{"line":34,"column":24},"end":{"line":34,"column":25}},"loc":{"start":{"line":34,"column":42},"end":{"line":68,"column":1}},"line":34},"2":{"name":"(anonymous_2)","decl":{"start":{"line":46,"column":27},"end":{"line":46,"column":28}},"loc":{"start":{"line":46,"column":48},"end":{"line":58,"column":3}},"line":46},"3":{"name":"(anonymous_3)","decl":{"start":{"line":70,"column":16},"end":{"line":70,"column":17}},"loc":{"start":{"line":70,"column":23},"end":{"line":91,"column":1}},"line":70},"4":{"name":"(anonymous_4)","decl":{"start":{"line":93,"column":20},"end":{"line":93,"column":21}},"loc":{"start":{"line":93,"column":27},"end":{"line":116,"column":1}},"line":93},"5":{"name":"(anonymous_5)","decl":{"start":{"line":118,"column":21},"end":{"line":118,"column":22}},"loc":{"start":{"line":118,"column":38},"end":{"line":138,"column":1}},"line":118}},"branchMap":{"0":{"loc":{"start":{"line":48,"column":30},"end":{"line":48,"column":87}},"type":"cond-expr","locations":[{"start":{"line":48,"column":38},"end":{"line":48,"column":48}},{"start":{"line":48,"column":51},"end":{"line":48,"column":87}}],"line":48},"1":{"loc":{"start":{"line":48,"column":51},"end":{"line":48,"column":87}},"type":"cond-expr","locations":[{"start":{"line":48,"column":71},"end":{"line":48,"column":82}},{"start":{"line":48,"column":85},"end":{"line":48,"column":87}}],"line":48},"2":{"loc":{"start":{"line":50,"column":56},"end":{"line":50,"column":115}},"type":"binary-expr","locations":[{"start":{"line":50,"column":56},"end":{"line":50,"column":73}},{"start":{"line":50,"column":77},"end":{"line":50,"column":115}}],"line":50},"3":{"loc":{"start":{"line":123,"column":32},"end":{"line":123,"column":64}},"type":"cond-expr","locations":[{"start":{"line":123,"column":39},"end":{"line":123,"column":59}},{"start":{"line":123,"column":62},"end":{"line":123,"column":64}}],"line":123}},"s":{"0":6,"1":2,"2":6,"3":4,"4":4,"5":4,"6":4,"7":4,"8":6,"9":7,"10":6,"11":8,"12":6,"13":16},"f":{"0":2,"1":4,"2":4,"3":7,"4":8,"5":16},"b":{"0":[4,0],"1":[0,0],"2":[4,4],"3":[2,14]},"_coverageSchema":"1a1c01bbd47fc00a2c39e90264f33305004495a9","hash":"b2588288ed222da4d3396e56d0c15f47eefe75e9"}
}
