{"total": {"lines":{"total":255,"covered":228,"skipped":0,"pct":89.41},"statements":{"total":277,"covered":243,"skipped":0,"pct":87.73},"functions":{"total":87,"covered":69,"skipped":0,"pct":79.31},"branches":{"total":56,"covered":48,"skipped":0,"pct":85.71}}
,"/Users/belt/LEARN/memory-game/src/js/main.js": {"lines":{"total":9,"covered":4,"skipped":0,"pct":44.44},"functions":{"total":5,"covered":1,"skipped":0,"pct":20},"statements":{"total":9,"covered":4,"skipped":0,"pct":44.44},"branches":{"total":0,"covered":0,"skipped":0,"pct":100}}
,"/Users/belt/LEARN/memory-game/src/js/classes/Board.js": {"lines":{"total":62,"covered":57,"skipped":0,"pct":91.94},"functions":{"total":18,"covered":16,"skipped":0,"pct":88.89},"statements":{"total":73,"covered":66,"skipped":0,"pct":90.41},"branches":{"total":26,"covered":24,"skipped":0,"pct":92.31}}
,"/Users/belt/LEARN/memory-game/src/js/classes/Card.js": {"lines":{"total":27,"covered":27,"skipped":0,"pct":100},"functions":{"total":4,"covered":4,"skipped":0,"pct":100},"statements":{"total":28,"covered":28,"skipped":0,"pct":100},"branches":{"total":0,"covered":0,"skipped":0,"pct":100}}
,"/Users/belt/LEARN/memory-game/src/js/classes/Game.js": {"lines":{"total":64,"covered":54,"skipped":0,"pct":84.38},"functions":{"total":23,"covered":16,"skipped":0,"pct":69.57},"statements":{"total":68,"covered":55,"skipped":0,"pct":80.88},"branches":{"total":10,"covered":8,"skipped":0,"pct":80}}
,"/Users/belt/LEARN/memory-game/src/js/classes/Modal.js": {"lines":{"total":20,"covered":20,"skipped":0,"pct":100},"functions":{"total":10,"covered":9,"skipped":0,"pct":90},"statements":{"total":21,"covered":20,"skipped":0,"pct":95.24},"branches":{"total":0,"covered":0,"skipped":0,"pct":100}}
,"/Users/belt/LEARN/memory-game/src/js/classes/Setup.js": {"lines":{"total":41,"covered":34,"skipped":0,"pct":82.93},"functions":{"total":17,"covered":13,"skipped":0,"pct":76.47},"statements":{"total":42,"covered":34,"skipped":0,"pct":80.95},"branches":{"total":6,"covered":5,"skipped":0,"pct":83.33}}
,"/Users/belt/LEARN/memory-game/src/js/utils/belt.js": {"lines":{"total":1,"covered":1,"skipped":0,"pct":100},"functions":{"total":0,"covered":0,"skipped":0,"pct":100},"statements":{"total":1,"covered":1,"skipped":0,"pct":100},"branches":{"total":0,"covered":0,"skipped":0,"pct":100}}
,"/Users/belt/LEARN/memory-game/src/js/utils/brands.js": {"lines":{"total":1,"covered":1,"skipped":0,"pct":100},"functions":{"total":0,"covered":0,"skipped":0,"pct":100},"statements":{"total":1,"covered":1,"skipped":0,"pct":100},"branches":{"total":0,"covered":0,"skipped":0,"pct":100}}
,"/Users/belt/LEARN/memory-game/src/js/utils/browsers.js": {"lines":{"total":5,"covered":5,"skipped":0,"pct":100},"functions":{"total":1,"covered":1,"skipped":0,"pct":100},"statements":{"total":5,"covered":5,"skipped":0,"pct":100},"branches":{"total":2,"covered":2,"skipped":0,"pct":100}}
,"/Users/belt/LEARN/memory-game/src/js/utils/database.js": {"lines":{"total":3,"covered":3,"skipped":0,"pct":100},"functions":{"total":0,"covered":0,"skipped":0,"pct":100},"statements":{"total":3,"covered":3,"skipped":0,"pct":100},"branches":{"total":0,"covered":0,"skipped":0,"pct":100}}
,"/Users/belt/LEARN/memory-game/src/js/utils/functions.js": {"lines":{"total":9,"covered":9,"skipped":0,"pct":100},"functions":{"total":2,"covered":2,"skipped":0,"pct":100},"statements":{"total":9,"covered":9,"skipped":0,"pct":100},"branches":{"total":4,"covered":4,"skipped":0,"pct":100}}
,"/Users/belt/LEARN/memory-game/src/js/utils/locationiq.js": {"lines":{"total":3,"covered":3,"skipped":0,"pct":100},"functions":{"total":1,"covered":1,"skipped":0,"pct":100},"statements":{"total":3,"covered":3,"skipped":0,"pct":100},"branches":{"total":0,"covered":0,"skipped":0,"pct":100}}
,"/Users/belt/LEARN/memory-game/src/js/utils/modal-templates.js": {"lines":{"total":10,"covered":10,"skipped":0,"pct":100},"functions":{"total":6,"covered":6,"skipped":0,"pct":100},"statements":{"total":14,"covered":14,"skipped":0,"pct":100},"branches":{"total":8,"covered":5,"skipped":0,"pct":62.5}}
}
