TN:
SF:src/js/main.js
FN:10,(anonymous_0)
FN:15,(anonymous_1)
FN:18,(anonymous_2)
FN:19,(anonymous_3)
FN:20,(anonymous_4)
FNF:5
FNH:1
FNDA:0,(anonymous_0)
FNDA:2,(anonymous_1)
FNDA:0,(anonymous_2)
FNDA:0,(anonymous_3)
FNDA:0,(anonymous_4)
DA:10,4
DA:11,0
DA:12,0
DA:15,4
DA:16,2
DA:17,2
DA:18,0
DA:19,0
DA:22,0
LF:9
LH:4
BRF:0
BRH:0
end_of_record
TN:
SF:src/js/classes/Board.js
FN:7,(anonymous_0)
FN:31,(anonymous_1)
FN:37,(anonymous_2)
FN:42,(anonymous_3)
FN:43,(anonymous_4)
FN:51,(anonymous_5)
FN:59,(anonymous_6)
FN:67,(anonymous_7)
FN:75,(anonymous_8)
FN:84,(anonymous_9)
FN:89,(anonymous_10)
FN:94,(anonymous_11)
FN:99,(anonymous_12)
FN:103,(anonymous_13)
FN:104,(anonymous_14)
FN:107,(anonymous_15)
FN:109,(anonymous_16)
FN:112,(anonymous_17)
FNF:18
FNH:16
FNDA:67,(anonymous_0)
FNDA:68,(anonymous_1)
FNDA:68,(anonymous_2)
FNDA:67,(anonymous_3)
FNDA:1608,(anonymous_4)
FNDA:67,(anonymous_5)
FNDA:67,(anonymous_6)
FNDA:67,(anonymous_7)
FNDA:67,(anonymous_8)
FNDA:44,(anonymous_9)
FNDA:42,(anonymous_10)
FNDA:39,(anonymous_11)
FNDA:7,(anonymous_12)
FNDA:6,(anonymous_13)
FNDA:0,(anonymous_14)
FNDA:1,(anonymous_15)
FNDA:0,(anonymous_16)
FNDA:2,(anonymous_17)
DA:8,67
DA:9,67
DA:10,67
DA:17,67
DA:18,67
DA:19,67
DA:20,67
DA:21,67
DA:22,67
DA:23,67
DA:24,67
DA:25,67
DA:26,67
DA:27,67
DA:28,67
DA:32,68
DA:33,68
DA:34,68
DA:38,68
DA:39,53
DA:43,67
DA:44,1608
DA:45,1248
DA:46,1248
DA:47,1248
DA:52,67
DA:53,52
DA:54,52
DA:55,52
DA:56,52
DA:60,67
DA:61,52
DA:62,52
DA:63,52
DA:64,52
DA:68,67
DA:69,52
DA:70,52
DA:71,52
DA:72,52
DA:76,67
DA:77,0
DA:78,0
DA:79,0
DA:80,0
DA:81,0
DA:85,44
DA:86,31
DA:90,42
DA:91,29
DA:95,39
DA:96,26
DA:100,7
DA:104,6
DA:108,1
DA:109,1
DA:113,2
DA:114,2
DA:115,2
DA:116,2
DA:117,2
DA:118,2
LF:62
LH:57
BRDA:38,0,0,15
BRDA:38,0,1,53
BRDA:44,1,0,360
BRDA:44,1,1,1248
BRDA:52,2,0,15
BRDA:52,2,1,52
BRDA:60,3,0,15
BRDA:60,3,1,52
BRDA:68,4,0,15
BRDA:68,4,1,52
BRDA:76,5,0,67
BRDA:76,5,1,0
BRDA:85,6,0,13
BRDA:85,6,1,31
BRDA:90,7,0,13
BRDA:90,7,1,29
BRDA:95,8,0,13
BRDA:95,8,1,26
BRDA:115,9,0,2
BRDA:115,9,1,2
BRDA:116,10,0,2
BRDA:116,10,1,2
BRDA:117,11,0,2
BRDA:117,11,1,2
BRDA:118,12,0,2
BRDA:118,12,1,0
BRF:26
BRH:24
end_of_record
TN:
SF:src/js/classes/Card.js
FN:4,(anonymous_0)
FN:11,(anonymous_1)
FN:43,(anonymous_2)
FN:44,(anonymous_3)
FNF:4
FNH:4
FNDA:1258,(anonymous_0)
FNDA:1259,(anonymous_1)
FNDA:1260,(anonymous_2)
FNDA:1,(anonymous_3)
DA:5,1258
DA:6,1258
DA:7,1258
DA:8,1258
DA:12,1259
DA:13,1259
DA:14,1259
DA:16,1259
DA:17,1259
DA:19,1259
DA:20,1259
DA:21,1259
DA:23,1259
DA:24,1259
DA:25,1259
DA:27,1259
DA:28,1259
DA:30,1259
DA:31,1259
DA:32,1259
DA:33,1259
DA:35,1259
DA:36,1259
DA:38,1259
DA:39,1259
DA:40,1259
DA:44,1260
LF:27
LH:27
BRF:0
BRH:0
end_of_record
TN:
SF:src/js/classes/Game.js
FN:9,(anonymous_0)
FN:26,(anonymous_1)
FN:45,(anonymous_2)
FN:61,(anonymous_3)
FN:62,(anonymous_4)
FN:67,(anonymous_5)
FN:68,(anonymous_6)
FN:69,(anonymous_7)
FN:73,(anonymous_8)
FN:77,(anonymous_9)
FN:81,(anonymous_10)
FN:86,(anonymous_11)
FN:97,(anonymous_12)
FN:100,(anonymous_13)
FN:105,(anonymous_14)
FN:106,(anonymous_15)
FN:114,(anonymous_16)
FN:118,(anonymous_17)
FN:129,(anonymous_18)
FN:130,(anonymous_19)
FN:131,(anonymous_20)
FN:132,(anonymous_21)
FN:138,(anonymous_22)
FNF:23
FNH:13
FNDA:39,(anonymous_0)
FNDA:12,(anonymous_1)
FNDA:8,(anonymous_2)
FNDA:7,(anonymous_3)
FNDA:14,(anonymous_4)
FNDA:3,(anonymous_5)
FNDA:6,(anonymous_6)
FNDA:0,(anonymous_7)
FNDA:5,(anonymous_8)
FNDA:6,(anonymous_9)
FNDA:0,(anonymous_10)
FNDA:0,(anonymous_11)
FNDA:0,(anonymous_12)
FNDA:0,(anonymous_13)
FNDA:7,(anonymous_14)
FNDA:0,(anonymous_15)
FNDA:0,(anonymous_16)
FNDA:0,(anonymous_17)
FNDA:1,(anonymous_18)
FNDA:1,(anonymous_19)
FNDA:0,(anonymous_20)
FNDA:0,(anonymous_21)
FNDA:2,(anonymous_22)
DA:10,39
DA:11,39
DA:12,39
DA:13,39
DA:14,39
DA:15,39
DA:16,39
DA:17,39
DA:18,39
DA:19,39
DA:20,39
DA:21,39
DA:22,39
DA:23,39
DA:27,12
DA:28,7
DA:29,7
DA:32,12
DA:33,12
DA:35,12
DA:40,12
DA:41,5
DA:42,5
DA:43,5
DA:45,8
DA:46,3
DA:47,3
DA:48,3
DA:49,3
DA:50,0
DA:53,2
DA:54,2
DA:56,5
DA:57,5
DA:62,7
DA:63,14
DA:68,3
DA:69,6
DA:74,5
DA:78,6
DA:82,0
DA:83,0
DA:84,0
DA:85,0
DA:87,0
DA:96,0
DA:97,0
DA:99,0
DA:100,0
DA:101,0
DA:106,7
DA:107,0
DA:108,0
DA:109,0
DA:115,0
DA:119,0
DA:130,1
DA:131,1
DA:132,0
DA:133,0
DA:139,2
DA:140,2
DA:141,2
LF:63
LH:45
BRDA:27,0,0,7
BRDA:27,0,1,5
BRDA:40,1,0,5
BRDA:40,1,1,7
BRDA:45,2,0,3
BRDA:45,2,1,2
BRDA:49,3,0,0
BRDA:49,3,1,3
BRDA:107,4,0,0
BRDA:107,4,1,0
BRF:10
BRH:7
end_of_record
TN:
SF:src/js/classes/Setup.js
FN:7,(anonymous_0)
FN:15,(anonymous_1)
FN:16,(anonymous_2)
FN:19,(anonymous_3)
FN:32,(anonymous_4)
FN:33,(anonymous_5)
FN:36,(anonymous_6)
FN:37,(anonymous_7)
FN:41,(anonymous_8)
FN:43,(anonymous_9)
FN:53,(anonymous_10)
FN:68,(anonymous_11)
FN:69,(anonymous_12)
FN:72,(anonymous_13)
FN:73,(anonymous_14)
FN:75,(anonymous_15)
FN:82,(anonymous_16)
FNF:17
FNH:5
FNDA:12,(anonymous_0)
FNDA:3,(anonymous_1)
FNDA:3,(anonymous_2)
FNDA:1,(anonymous_3)
FNDA:0,(anonymous_4)
FNDA:0,(anonymous_5)
FNDA:0,(anonymous_6)
FNDA:0,(anonymous_7)
FNDA:0,(anonymous_8)
FNDA:0,(anonymous_9)
FNDA:0,(anonymous_10)
FNDA:0,(anonymous_11)
FNDA:0,(anonymous_12)
FNDA:0,(anonymous_13)
FNDA:0,(anonymous_14)
FNDA:0,(anonymous_15)
FNDA:2,(anonymous_16)
DA:8,12
DA:9,12
DA:10,12
DA:11,12
DA:12,12
DA:16,3
DA:17,3
DA:18,3
DA:19,3
DA:20,1
DA:21,1
DA:22,1
DA:23,1
DA:24,1
DA:26,0
DA:33,0
DA:34,0
DA:35,0
DA:36,0
DA:37,0
DA:38,0
DA:39,0
DA:40,0
DA:42,0
DA:44,0
DA:49,0
DA:50,0
DA:54,0
DA:55,0
DA:56,0
DA:60,0
DA:61,0
DA:69,0
DA:70,0
DA:71,0
DA:72,0
DA:73,0
DA:74,0
DA:75,0
DA:76,0
DA:83,2
LF:41
LH:15
BRDA:21,0,0,1
BRDA:21,0,1,0
BRDA:38,1,0,0
BRDA:38,1,1,0
BRDA:70,2,0,0
BRDA:70,2,1,0
BRF:6
BRH:1
end_of_record
TN:
SF:src/js/utils/belt.js
FNF:0
FNH:0
DA:1,5
LF:1
LH:1
BRF:0
BRH:0
end_of_record
TN:
SF:src/js/utils/brands.js
FNF:0
FNH:0
DA:1,5
LF:1
LH:1
BRF:0
BRH:0
end_of_record
TN:
SF:src/js/utils/browsers.js
FN:1,(anonymous_0)
FNF:1
FNH:1
FNDA:2,(anonymous_0)
DA:1,5
DA:2,2
DA:3,2
DA:4,1
DA:6,2
LF:5
LH:5
BRDA:3,0,0,1
BRDA:3,0,1,1
BRF:2
BRH:2
end_of_record
TN:
SF:src/js/utils/modal-templates.js
FN:3,(anonymous_0)
FN:34,(anonymous_1)
FN:46,(anonymous_2)
FN:69,(anonymous_3)
FN:92,(anonymous_4)
FN:117,(anonymous_5)
FNF:6
FNH:6
FNDA:2,(anonymous_0)
FNDA:4,(anonymous_1)
FNDA:4,(anonymous_2)
FNDA:5,(anonymous_3)
FNDA:2,(anonymous_4)
FNDA:3,(anonymous_5)
DA:3,6
DA:34,6
DA:35,4
DA:46,4
DA:47,4
DA:48,4
DA:49,4
DA:50,4
DA:51,4
DA:52,4
DA:53,4
DA:54,4
DA:55,4
DA:56,4
DA:59,4
DA:69,6
DA:92,6
DA:117,6
LF:18
LH:18
BRDA:47,0,0,4
BRDA:47,0,1,0
BRDA:47,1,0,0
BRDA:47,1,1,0
BRDA:49,2,0,4
BRDA:49,2,1,4
BRDA:122,3,0,2
BRDA:122,3,1,1
BRF:8
BRH:5
end_of_record
