TN:
SF:src/js/main.js
FN:6,(anonymous_0)
FNF:1
FNH:0
FNDA:0,(anonymous_0)
DA:6,0
DA:7,0
DA:12,0
LF:3
LH:0
BRF:0
BRH:0
end_of_record
TN:
SF:src/js/classes/Board.js
FN:6,(anonymous_0)
FN:15,(anonymous_1)
FN:21,(anonymous_2)
FN:26,(anonymous_3)
FN:27,(anonymous_4)
FNF:5
FNH:5
FNDA:7,(anonymous_0)
FNDA:8,(anonymous_1)
FNDA:8,(anonymous_2)
FNDA:7,(anonymous_3)
FNDA:168,(anonymous_4)
DA:7,7
DA:8,7
DA:9,7
DA:10,7
DA:11,7
DA:12,7
DA:16,8
DA:17,8
DA:18,8
DA:22,8
DA:23,1
DA:27,7
DA:28,168
DA:29,0
DA:30,0
DA:31,0
LF:16
LH:13
BRDA:22,0,0,7
BRDA:22,0,1,1
BRDA:28,1,0,168
BRDA:28,1,1,0
BRF:4
BRH:3
end_of_record
TN:
SF:src/js/classes/Card.js
FN:2,(anonymous_0)
FN:8,(anonymous_1)
FN:22,(anonymous_2)
FN:23,(anonymous_3)
FNF:4
FNH:4
FNDA:10,(anonymous_0)
FNDA:11,(anonymous_1)
FNDA:12,(anonymous_2)
FNDA:1,(anonymous_3)
DA:3,10
DA:4,10
DA:5,10
DA:9,11
DA:10,11
DA:11,11
DA:12,11
DA:13,11
DA:14,11
DA:15,11
DA:16,11
DA:17,11
DA:18,11
DA:19,11
DA:23,12
LF:15
LH:15
BRF:0
BRH:0
end_of_record
TN:
SF:src/js/classes/Game.js
FN:4,(anonymous_0)
FN:9,(anonymous_1)
FNF:2
FNH:1
FNDA:4,(anonymous_0)
FNDA:0,(anonymous_1)
DA:5,4
DA:6,4
DA:10,0
LF:3
LH:2
BRF:0
BRH:0
end_of_record
TN:
SF:src/js/lib/brands.js
FNF:0
FNH:0
LF:0
LH:0
BRF:0
BRH:0
end_of_record
